Failed to run 'pdflatex' to create pdf to preview.


Errors:
/home/maverick/.config/sublime-text-3/Cache/LaTeXTools/internal/preview_math/d7d3d0d8972d8be7ce0a6602afb2323b.tex:16: Undefined control sequence. [...rtial \phi_{2}(\bm{h}^{\left(1\right)}_i)}]
/home/maverick/.config/sublime-text-3/Cache/LaTeXTools/internal/preview_math/d7d3d0d8972d8be7ce0a6602afb2323b.tex:16: Undefined control sequence. [...)}=0  \implies & {\lambda_{1} \phi_{2}(\bm]
/home/maverick/.config/sublime-text-3/Cache/LaTeXTools/internal/preview_math/d7d3d0d8972d8be7ce0a6602afb2323b.tex:16: Undefined control sequence. [...\phi_{2}(\bm{h}^{\left(1\right)}_i) =  \bm]
/home/maverick/.config/sublime-text-3/Cache/LaTeXTools/internal/preview_math/d7d3d0d8972d8be7ce0a6602afb2323b.tex:16: Undefined control sequence. [...right)}_i) =  \bm{U}_{1}^\top \phi_{1}(\bm]
/home/maverick/.config/sublime-text-3/Cache/LaTeXTools/internal/preview_math/d7d3d0d8972d8be7ce0a6602afb2323b.tex:16: Undefined control sequence. [...=  \bm{U}_{1}^\top \phi_{1}(\bm{x}_i) +\bm]
/home/maverick/.config/sublime-text-3/Cache/LaTeXTools/internal/preview_math/d7d3d0d8972d8be7ce0a6602afb2323b.tex:16: Undefined control sequence. [...phi_{1}(\bm{x}_i) +\bm{U}_{2} \phi_{2}(\bm]
/home/maverick/.config/sublime-text-3/Cache/LaTeXTools/internal/preview_math/d7d3d0d8972d8be7ce0a6602afb2323b.tex:18: Undefined control sequence. [...tial \mathcal{J}_{t}}{\partial \bm{U}_{1}}]
/home/maverick/.config/sublime-text-3/Cache/LaTeXTools/internal/preview_math/d7d3d0d8972d8be7ce0a6602afb2323b.tex:18: Undefined control sequence. [...     \implies                       & {\bm]
/home/maverick/.config/sublime-text-3/Cache/LaTeXTools/internal/preview_math/d7d3d0d8972d8be7ce0a6602afb2323b.tex:18: Undefined control sequence. [...ac{1}{\eta_{1}} \sum_{i=1}^{N}\phi_{1}(\bm]
/home/maverick/.config/sublime-text-3/Cache/LaTeXTools/internal/preview_math/d7d3d0d8972d8be7ce0a6602afb2323b.tex:18: Undefined control sequence. [..._{i=1}^{N}\phi_{1}(\bm{x}_{i})\phi_{2}(\bm]
/home/maverick/.config/sublime-text-3/Cache/LaTeXTools/internal/preview_math/d7d3d0d8972d8be7ce0a6602afb2323b.tex:20: Undefined control sequence. [...{t}}{\partial \bm{h}^{\left(2\right)}_{i}}]
/home/maverick/.config/sublime-text-3/Cache/LaTeXTools/internal/preview_math/d7d3d0d8972d8be7ce0a6602afb2323b.tex:20: Undefined control sequence. [...i}}=0  \implies         & {\lambda_{2} \bm]
/home/maverick/.config/sublime-text-3/Cache/LaTeXTools/internal/preview_math/d7d3d0d8972d8be7ce0a6602afb2323b.tex:20: Undefined control sequence. [...ambda_{2} \bm{h}^{\left(2\right)}_i =  \bm]
/home/maverick/.config/sublime-text-3/Cache/LaTeXTools/internal/preview_math/d7d3d0d8972d8be7ce0a6602afb2323b.tex:20: Undefined control sequence. [...\right)}_i =  \bm{U}_{2}^\top \phi_{2}(\bm]
/home/maverick/.config/sublime-text-3/Cache/LaTeXTools/internal/preview_math/d7d3d0d8972d8be7ce0a6602afb2323b.tex:20: Missing } inserted. [...                                        \\]
/home/maverick/.config/sublime-text-3/Cache/LaTeXTools/internal/preview_math/d7d3d0d8972d8be7ce0a6602afb2323b.tex:22: Undefined control sequence. [...tial \mathcal{J}_{t}}{\partial \bm{U}_{2}}]
/home/maverick/.config/sublime-text-3/Cache/LaTeXTools/internal/preview_math/d7d3d0d8972d8be7ce0a6602afb2323b.tex:22: Undefined control sequence. [...0     \implies                      & {\bm]
/home/maverick/.config/sublime-text-3/Cache/LaTeXTools/internal/preview_math/d7d3d0d8972d8be7ce0a6602afb2323b.tex:22: Undefined control sequence. [...ac{1}{\eta_{2}} \sum_{i=1}^{N}\phi_{2}(\bm]
/home/maverick/.config/sublime-text-3/Cache/LaTeXTools/internal/preview_math/d7d3d0d8972d8be7ce0a6602afb2323b.tex:22: Undefined control sequence. [...{2}} \sum_{i=1}^{N}\phi_{2}(\bm{y}_{i})\bm]
/home/maverick/.config/sublime-text-3/Cache/LaTeXTools/internal/preview_math/d7d3d0d8972d8be7ce0a6602afb2323b.tex:24: You can't use `\eqno' in math mode. [\end{equation}]
/home/maverick/.config/sublime-text-3/Cache/LaTeXTools/internal/preview_math/d7d3d0d8972d8be7ce0a6602afb2323b.tex:24: LaTeX Error: \begin{document} ended by \end{equation}. [\end{equation}]
/home/maverick/.config/sublime-text-3/Cache/LaTeXTools/internal/preview_math/d7d3d0d8972d8be7ce0a6602afb2323b.tex:24: Missing $ inserted. [\end{equation}]
/home/maverick/.config/sublime-text-3/Cache/LaTeXTools/internal/preview_math/d7d3d0d8972d8be7ce0a6602afb2323b.tex:26: Undefined control sequence. [Eliminating $\bm]
/home/maverick/.config/sublime-text-3/Cache/LaTeXTools/internal/preview_math/d7d3d0d8972d8be7ce0a6602afb2323b.tex:26: Undefined control sequence. [Eliminating $\bm{U}_{1}$ and $\bm]
/home/maverick/.config/sublime-text-3/Cache/LaTeXTools/internal/preview_math/d7d3d0d8972d8be7ce0a6602afb2323b.tex:26: Undefined control sequence. [... $\bm{U}_{2}$ variables and denoting $ \bm]
/home/maverick/.config/sublime-text-3/Cache/LaTeXTools/internal/preview_math/d7d3d0d8972d8be7ce0a6602afb2323b.tex:26: Undefined control sequence. [...les and denoting $ \bm{\Lambda}_{1} =\diag]
/home/maverick/.config/sublime-text-3/Cache/LaTeXTools/internal/preview_math/d7d3d0d8972d8be7ce0a6602afb2323b.tex:26: Undefined control sequence. [...mathbb{R}^{s^{(1)}\times s^{(1)}} $, $ \bm]
/home/maverick/.config/sublime-text-3/Cache/LaTeXTools/internal/preview_math/d7d3d0d8972d8be7ce0a6602afb2323b.tex:26: Undefined control sequence. [...imes s^{(1)}} $, $ \bm{\Lambda}_{2} =\diag]
/home/maverick/.config/sublime-text-3/Cache/LaTeXTools/internal/preview_math/d7d3d0d8972d8be7ce0a6602afb2323b.tex:29: LaTeX Error: Environment  undefined. [ \begin{}]
/home/maverick/.config/sublime-text-3/Cache/LaTeXTools/internal/preview_math/d7d3d0d8972d8be7ce0a6602afb2323b.tex:30: Missing $ inserted. []
/home/maverick/.config/sublime-text-3/Cache/LaTeXTools/internal/preview_math/d7d3d0d8972d8be7ce0a6602afb2323b.tex:30: Missing \endgroup inserted. []
/home/maverick/.config/sublime-text-3/Cache/LaTeXTools/internal/preview_math/d7d3d0d8972d8be7ce0a6602afb2323b.tex:30: Display math should end with $$. []
/home/maverick/.config/sublime-text-3/Cache/LaTeXTools/internal/preview_math/d7d3d0d8972d8be7ce0a6602afb2323b.tex:31: Missing \endcsname inserted. [ \end{}]
/home/maverick/.config/sublime-text-3/Cache/LaTeXTools/internal/preview_math/d7d3d0d8972d8be7ce0a6602afb2323b.tex:31: Missing \endcsname inserted. [ \end{}]
/home/maverick/.config/sublime-text-3/Cache/LaTeXTools/internal/preview_math/d7d3d0d8972d8be7ce0a6602afb2323b.tex:31: Missing \endcsname inserted. [ \end{}]
/home/maverick/.config/sublime-text-3/Cache/LaTeXTools/internal/preview_math/d7d3d0d8972d8be7ce0a6602afb2323b.tex:31: Missing \endcsname inserted. [ \end{}]
/home/maverick/.config/sublime-text-3/Cache/LaTeXTools/internal/preview_math/d7d3d0d8972d8be7ce0a6602afb2323b.tex:31: Missing \endcsname inserted. [ \end{}]
/home/maverick/.config/sublime-text-3/Cache/LaTeXTools/internal/preview_math/d7d3d0d8972d8be7ce0a6602afb2323b.tex:31: Missing \endcsname inserted. [ \end{}]
/home/maverick/.config/sublime-text-3/Cache/LaTeXTools/internal/preview_math/d7d3d0d8972d8be7ce0a6602afb2323b.tex:31: Missing \endcsname inserted. [ \end{}]
/home/maverick/.config/sublime-text-3/Cache/LaTeXTools/internal/preview_math/d7d3d0d8972d8be7ce0a6602afb2323b.tex:31: Missing \endcsname inserted. [ \end{}]
/home/maverick/.config/sublime-text-3/Cache/LaTeXTools/internal/preview_math/d7d3d0d8972d8be7ce0a6602afb2323b.tex:31: Missing \endcsname inserted. [ \end{}]
/home/maverick/.config/sublime-text-3/Cache/LaTeXTools/internal/preview_math/d7d3d0d8972d8be7ce0a6602afb2323b.tex:31: Missing \endcsname inserted. [ \end{}]
/home/maverick/.config/sublime-text-3/Cache/LaTeXTools/internal/preview_math/d7d3d0d8972d8be7ce0a6602afb2323b.tex:31: Missing \endcsname inserted. [ \end{}]
/home/maverick/.config/sublime-text-3/Cache/LaTeXTools/internal/preview_math/d7d3d0d8972d8be7ce0a6602afb2323b.tex:31: Missing \endcsname inserted. [ \end{}]
/home/maverick/.config/sublime-text-3/Cache/LaTeXTools/internal/preview_math/d7d3d0d8972d8be7ce0a6602afb2323b.tex:31: Missing \endcsname inserted. [ \end{}]
/home/maverick/.config/sublime-text-3/Cache/LaTeXTools/internal/preview_math/d7d3d0d8972d8be7ce0a6602afb2323b.tex:31: Missing \endcsname inserted. [ \end{}]
/home/maverick/.config/sublime-text-3/Cache/LaTeXTools/internal/preview_math/d7d3d0d8972d8be7ce0a6602afb2323b.tex:31: Missing \endcsname inserted. [ \end{}]
/home/maverick/.config/sublime-text-3/Cache/LaTeXTools/internal/preview_math/d7d3d0d8972d8be7ce0a6602afb2323b.tex:31: Missing \endcsname inserted. [ \end{}]
/home/maverick/.config/sublime-text-3/Cache/LaTeXTools/internal/preview_math/d7d3d0d8972d8be7ce0a6602afb2323b.tex:31: Missing \endcsname inserted. [ \end{}]
/home/maverick/.config/sublime-text-3/Cache/LaTeXTools/internal/preview_math/d7d3d0d8972d8be7ce0a6602afb2323b.tex:31: Missing \endcsname inserted. [ \end{}]
/home/maverick/.config/sublime-text-3/Cache/LaTeXTools/internal/preview_math/d7d3d0d8972d8be7ce0a6602afb2323b.tex:31: Missing \endcsname inserted. [ \end{}]
/home/maverick/.config/sublime-text-3/Cache/LaTeXTools/internal/preview_math/d7d3d0d8972d8be7ce0a6602afb2323b.tex:31: Missing \endcsname inserted. [ \end{}]
/home/maverick/.config/sublime-text-3/Cache/LaTeXTools/internal/preview_math/d7d3d0d8972d8be7ce0a6602afb2323b.tex:31: Missing \endcsname inserted. [ \end{}]
/home/maverick/.config/sublime-text-3/Cache/LaTeXTools/internal/preview_math/d7d3d0d8972d8be7ce0a6602afb2323b.tex:31: Missing \endcsname inserted. [ \end{}]
/home/maverick/.config/sublime-text-3/Cache/LaTeXTools/internal/preview_math/d7d3d0d8972d8be7ce0a6602afb2323b.tex:31: Missing \endcsname inserted. [ \end{}]
/home/maverick/.config/sublime-text-3/Cache/LaTeXTools/internal/preview_math/d7d3d0d8972d8be7ce0a6602afb2323b.tex:31: Missing \endcsname inserted. [ \end{}]
/home/maverick/.config/sublime-text-3/Cache/LaTeXTools/internal/preview_math/d7d3d0d8972d8be7ce0a6602afb2323b.tex:31: Missing \endcsname inserted. [ \end{}]
/home/maverick/.config/sublime-text-3/Cache/LaTeXTools/internal/preview_math/d7d3d0d8972d8be7ce0a6602afb2323b.tex:31: Missing \endcsname inserted. [ \end{}]
/home/maverick/.config/sublime-text-3/Cache/LaTeXTools/internal/preview_math/d7d3d0d8972d8be7ce0a6602afb2323b.tex:31: Missing \endcsname inserted. [ \end{}]
/home/maverick/.config/sublime-text-3/Cache/LaTeXTools/internal/preview_math/d7d3d0d8972d8be7ce0a6602afb2323b.tex:31: Missing \endcsname inserted. [ \end{}]
/home/maverick/.config/sublime-text-3/Cache/LaTeXTools/internal/preview_math/d7d3d0d8972d8be7ce0a6602afb2323b.tex:31: Missing \endcsname inserted. [ \end{}]
/home/maverick/.config/sublime-text-3/Cache/LaTeXTools/internal/preview_math/d7d3d0d8972d8be7ce0a6602afb2323b.tex:31: Missing \endcsname inserted. [ \end{}]
/home/maverick/.config/sublime-text-3/Cache/LaTeXTools/internal/preview_math/d7d3d0d8972d8be7ce0a6602afb2323b.tex:31: Missing \endcsname inserted. [ \end{}]
/home/maverick/.config/sublime-text-3/Cache/LaTeXTools/internal/preview_math/d7d3d0d8972d8be7ce0a6602afb2323b.tex:31: Missing \endcsname inserted. [ \end{}]
/home/maverick/.config/sublime-text-3/Cache/LaTeXTools/internal/preview_math/d7d3d0d8972d8be7ce0a6602afb2323b.tex:31: Missing \endcsname inserted. [ \end{}]
/home/maverick/.config/sublime-text-3/Cache/LaTeXTools/internal/preview_math/d7d3d0d8972d8be7ce0a6602afb2323b.tex:31: Missing \endcsname inserted. [ \end{}]
/home/maverick/.config/sublime-text-3/Cache/LaTeXTools/internal/preview_math/d7d3d0d8972d8be7ce0a6602afb2323b.tex:31: Missing \endcsname inserted. [ \end{}]
/home/maverick/.config/sublime-text-3/Cache/LaTeXTools/internal/preview_math/d7d3d0d8972d8be7ce0a6602afb2323b.tex:31: Missing \endcsname inserted. [ \end{}]
/home/maverick/.config/sublime-text-3/Cache/LaTeXTools/internal/preview_math/d7d3d0d8972d8be7ce0a6602afb2323b.tex:31: Missing \endcsname inserted. [ \end{}]
/home/maverick/.config/sublime-text-3/Cache/LaTeXTools/internal/preview_math/d7d3d0d8972d8be7ce0a6602afb2323b.tex:31: Missing \endcsname inserted. [ \end{}]
/home/maverick/.config/sublime-text-3/Cache/LaTeXTools/internal/preview_math/d7d3d0d8972d8be7ce0a6602afb2323b.tex:31: Missing \endcsname inserted. [ \end{}]
/home/maverick/.config/sublime-text-3/Cache/LaTeXTools/internal/preview_math/d7d3d0d8972d8be7ce0a6602afb2323b.tex:31: Missing \endcsname inserted. [ \end{}]
/home/maverick/.config/sublime-text-3/Cache/LaTeXTools/internal/preview_math/d7d3d0d8972d8be7ce0a6602afb2323b.tex:31: Missing \endcsname inserted. [ \end{}]
/home/maverick/.config/sublime-text-3/Cache/LaTeXTools/internal/preview_math/d7d3d0d8972d8be7ce0a6602afb2323b.tex:31: Missing \endcsname inserted. [ \end{}]
/home/maverick/.config/sublime-text-3/Cache/LaTeXTools/internal/preview_math/d7d3d0d8972d8be7ce0a6602afb2323b.tex:31: Missing \endcsname inserted. [ \end{}]
/home/maverick/.config/sublime-text-3/Cache/LaTeXTools/internal/preview_math/d7d3d0d8972d8be7ce0a6602afb2323b.tex:31: Missing \endcsname inserted. [ \end{}]
/home/maverick/.config/sublime-text-3/Cache/LaTeXTools/internal/preview_math/d7d3d0d8972d8be7ce0a6602afb2323b.tex:31: Missing \endcsname inserted. [ \end{}]
/home/maverick/.config/sublime-text-3/Cache/LaTeXTools/internal/preview_math/d7d3d0d8972d8be7ce0a6602afb2323b.tex:31: Missing \endcsname inserted. [ \end{}]
/home/maverick/.config/sublime-text-3/Cache/LaTeXTools/internal/preview_math/d7d3d0d8972d8be7ce0a6602afb2323b.tex:31: Missing \endcsname inserted. [ \end{}]
/home/maverick/.config/sublime-text-3/Cache/LaTeXTools/internal/preview_math/d7d3d0d8972d8be7ce0a6602afb2323b.tex:31: Missing \endcsname inserted. [ \end{}]
/home/maverick/.config/sublime-text-3/Cache/LaTeXTools/internal/preview_math/d7d3d0d8972d8be7ce0a6602afb2323b.tex:31: Missing \endcsname inserted. [ \end{}]
/home/maverick/.config/sublime-text-3/Cache/LaTeXTools/internal/preview_math/d7d3d0d8972d8be7ce0a6602afb2323b.tex:31: Missing \endcsname inserted. [ \end{}]
/home/maverick/.config/sublime-text-3/Cache/LaTeXTools/internal/preview_math/d7d3d0d8972d8be7ce0a6602afb2323b.tex:31: Missing \endcsname inserted. [ \end{}]
/home/maverick/.config/sublime-text-3/Cache/LaTeXTools/internal/preview_math/d7d3d0d8972d8be7ce0a6602afb2323b.tex:31: Missing \endcsname inserted. [ \end{}]
/home/maverick/.config/sublime-text-3/Cache/LaTeXTools/internal/preview_math/d7d3d0d8972d8be7ce0a6602afb2323b.tex:31: Missing \endcsname inserted. [ \end{}]
/home/maverick/.config/sublime-text-3/Cache/LaTeXTools/internal/preview_math/d7d3d0d8972d8be7ce0a6602afb2323b.tex:31: Missing \endcsname inserted. [ \end{}]
/home/maverick/.config/sublime-text-3/Cache/LaTeXTools/internal/preview_math/d7d3d0d8972d8be7ce0a6602afb2323b.tex:31: Missing \endcsname inserted. [ \end{}]
/home/maverick/.config/sublime-text-3/Cache/LaTeXTools/internal/preview_math/d7d3d0d8972d8be7ce0a6602afb2323b.tex:31: Missing \endcsname inserted. [ \end{}]
/home/maverick/.config/sublime-text-3/Cache/LaTeXTools/internal/preview_math/d7d3d0d8972d8be7ce0a6602afb2323b.tex:31: Missing \endcsname inserted. [ \end{}]
/home/maverick/.config/sublime-text-3/Cache/LaTeXTools/internal/preview_math/d7d3d0d8972d8be7ce0a6602afb2323b.tex:31: Missing \endcsname inserted. [ \end{}]
/home/maverick/.config/sublime-text-3/Cache/LaTeXTools/internal/preview_math/d7d3d0d8972d8be7ce0a6602afb2323b.tex:31: Missing \endcsname inserted. [ \end{}]
/home/maverick/.config/sublime-text-3/Cache/LaTeXTools/internal/preview_math/d7d3d0d8972d8be7ce0a6602afb2323b.tex:31: Missing \endcsname inserted. [ \end{}]
/home/maverick/.config/sublime-text-3/Cache/LaTeXTools/internal/preview_math/d7d3d0d8972d8be7ce0a6602afb2323b.tex:31: Missing \endcsname inserted. [ \end{}]
/home/maverick/.config/sublime-text-3/Cache/LaTeXTools/internal/preview_math/d7d3d0d8972d8be7ce0a6602afb2323b.tex:31: Missing \endcsname inserted. [ \end{}]
/home/maverick/.config/sublime-text-3/Cache/LaTeXTools/internal/preview_math/d7d3d0d8972d8be7ce0a6602afb2323b.tex:31: Missing \endcsname inserted. [ \end{}]
/home/maverick/.config/sublime-text-3/Cache/LaTeXTools/internal/preview_math/d7d3d0d8972d8be7ce0a6602afb2323b.tex:31: Missing \endcsname inserted. [ \end{}]
/home/maverick/.config/sublime-text-3/Cache/LaTeXTools/internal/preview_math/d7d3d0d8972d8be7ce0a6602afb2323b.tex:31: Missing \endcsname inserted. [ \end{}]
/home/maverick/.config/sublime-text-3/Cache/LaTeXTools/internal/preview_math/d7d3d0d8972d8be7ce0a6602afb2323b.tex:31: Missing \endcsname inserted. [ \end{}]
/home/maverick/.config/sublime-text-3/Cache/LaTeXTools/internal/preview_math/d7d3d0d8972d8be7ce0a6602afb2323b.tex:31: Missing \endcsname inserted. [ \end{}]
/home/maverick/.config/sublime-text-3/Cache/LaTeXTools/internal/preview_math/d7d3d0d8972d8be7ce0a6602afb2323b.tex:31: Missing \endcsname inserted. [ \end{}]
/home/maverick/.config/sublime-text-3/Cache/LaTeXTools/internal/preview_math/d7d3d0d8972d8be7ce0a6602afb2323b.tex:31: Missing \endcsname inserted. [ \end{}]
/home/maverick/.config/sublime-text-3/Cache/LaTeXTools/internal/preview_math/d7d3d0d8972d8be7ce0a6602afb2323b.tex:31: Missing \endcsname inserted. [ \end{}]
/home/maverick/.config/sublime-text-3/Cache/LaTeXTools/internal/preview_math/d7d3d0d8972d8be7ce0a6602afb2323b.tex:31: Missing \endcsname inserted. [ \end{}]
/home/maverick/.config/sublime-text-3/Cache/LaTeXTools/internal/preview_math/d7d3d0d8972d8be7ce0a6602afb2323b.tex:31: Missing \endcsname inserted. [ \end{}]
/home/maverick/.config/sublime-text-3/Cache/LaTeXTools/internal/preview_math/d7d3d0d8972d8be7ce0a6602afb2323b.tex:31: Missing \endcsname inserted. [ \end{}]
/home/maverick/.config/sublime-text-3/Cache/LaTeXTools/internal/preview_math/d7d3d0d8972d8be7ce0a6602afb2323b.tex:31: Missing \endcsname inserted. [ \end{}]
/home/maverick/.config/sublime-text-3/Cache/LaTeXTools/internal/preview_math/d7d3d0d8972d8be7ce0a6602afb2323b.tex:31: Missing \endcsname inserted. [ \end{}]
/home/maverick/.config/sublime-text-3/Cache/LaTeXTools/internal/preview_math/d7d3d0d8972d8be7ce0a6602afb2323b.tex:31: Missing \endcsname inserted. [ \end{}]
/home/maverick/.config/sublime-text-3/Cache/LaTeXTools/internal/preview_math/d7d3d0d8972d8be7ce0a6602afb2323b.tex:31: Missing \endcsname inserted. [ \end{}]
/home/maverick/.config/sublime-text-3/Cache/LaTeXTools/internal/preview_math/d7d3d0d8972d8be7ce0a6602afb2323b.tex:31: Missing \endcsname inserted. [ \end{}]
/home/maverick/.config/sublime-text-3/Cache/LaTeXTools/internal/preview_math/d7d3d0d8972d8be7ce0a6602afb2323b.tex:31: Missing \endcsname inserted. [ \end{}]
/home/maverick/.config/sublime-text-3/Cache/LaTeXTools/internal/preview_math/d7d3d0d8972d8be7ce0a6602afb2323b.tex:31: Missing \endcsname inserted. [ \end{}]
/home/maverick/.config/sublime-text-3/Cache/LaTeXTools/internal/preview_math/d7d3d0d8972d8be7ce0a6602afb2323b.tex:31: Missing \endcsname inserted. [ \end{}]
/home/maverick/.config/sublime-text-3/Cache/LaTeXTools/internal/preview_math/d7d3d0d8972d8be7ce0a6602afb2323b.tex:31: Missing \endcsname inserted. [ \end{}]
/home/maverick/.config/sublime-text-3/Cache/LaTeXTools/internal/preview_math/d7d3d0d8972d8be7ce0a6602afb2323b.tex:31: Missing \endcsname inserted. [ \end{}]
/home/maverick/.config/sublime-text-3/Cache/LaTeXTools/internal/preview_math/d7d3d0d8972d8be7ce0a6602afb2323b.tex:31: Missing \endcsname inserted. [ \end{}]
/home/maverick/.config/sublime-text-3/Cache/LaTeXTools/internal/preview_math/d7d3d0d8972d8be7ce0a6602afb2323b.tex:31: Missing \endcsname inserted. [ \end{}]
/home/maverick/.config/sublime-text-3/Cache/LaTeXTools/internal/preview_math/d7d3d0d8972d8be7ce0a6602afb2323b.tex:31: Missing \endcsname inserted. [ \end{}]
/home/maverick/.config/sublime-text-3/Cache/LaTeXTools/internal/preview_math/d7d3d0d8972d8be7ce0a6602afb2323b.tex:31: Missing \endcsname inserted. [ \end{}]
/home/maverick/.config/sublime-text-3/Cache/LaTeXTools/internal/preview_math/d7d3d0d8972d8be7ce0a6602afb2323b.tex:31: Missing \endcsname inserted. [ \end{}]
/home/maverick/.config/sublime-text-3/Cache/LaTeXTools/internal/preview_math/d7d3d0d8972d8be7ce0a6602afb2323b.tex:31: Missing \endcsname inserted. [ \end{}]
/home/maverick/.config/sublime-text-3/Cache/LaTeXTools/internal/preview_math/d7d3d0d8972d8be7ce0a6602afb2323b.tex:31: Missing \endcsname inserted. [ \end{}]
/home/maverick/.config/sublime-text-3/Cache/LaTeXTools/internal/preview_math/d7d3d0d8972d8be7ce0a6602afb2323b.tex:31: Missing \endcsname inserted. [ \end{}]
/home/maverick/.config/sublime-text-3/Cache/LaTeXTools/internal/preview_math/d7d3d0d8972d8be7ce0a6602afb2323b.tex:31: Missing \endcsname inserted. [ \end{}]
/home/maverick/.config/sublime-text-3/Cache/LaTeXTools/internal/preview_math/d7d3d0d8972d8be7ce0a6602afb2323b.tex:31: Missing \endcsname inserted. [ \end{}]
/home/maverick/.config/sublime-text-3/Cache/LaTeXTools/internal/preview_math/d7d3d0d8972d8be7ce0a6602afb2323b.tex:31: Missing \endcsname inserted. [ \end{}]
/home/maverick/.config/sublime-text-3/Cache/LaTeXTools/internal/preview_math/d7d3d0d8972d8be7ce0a6602afb2323b.tex:31: Missing \endcsname inserted. [ \end{}]
/home/maverick/.config/sublime-text-3/Cache/LaTeXTools/internal/preview_math/d7d3d0d8972d8be7ce0a6602afb2323b.tex:31: Missing \endcsname inserted. [ \end{}]
/home/maverick/.config/sublime-text-3/Cache/LaTeXTools/internal/preview_math/d7d3d0d8972d8be7ce0a6602afb2323b.tex:31: Missing \endcsname inserted. [ \end{}]
/home/maverick/.config/sublime-text-3/Cache/LaTeXTools/internal/preview_math/d7d3d0d8972d8be7ce0a6602afb2323b.tex:31: Missing \endcsname inserted. [ \end{}]
/home/maverick/.config/sublime-text-3/Cache/LaTeXTools/internal/preview_math/d7d3d0d8972d8be7ce0a6602afb2323b.tex:31: Missing \endcsname inserted. [ \end{}]
/home/maverick/.config/sublime-text-3/Cache/LaTeXTools/internal/preview_math/d7d3d0d8972d8be7ce0a6602afb2323b.tex:31: Missing \endcsname inserted. [ \end{}]
Too many errors. TeX stopped.

LaTeX document:
-----BEGIN DOCUMENT-----

\documentclass[preview,border=0.3pt]{standalone}
% import xcolor if available and not already present
\IfFileExists{xcolor.sty}{\usepackage{xcolor}}{}%
\usepackage{amsmath}
\usepackage{amssymb}
\IfFileExists{latexsym.sty}{\usepackage{latexsym}}{}
\IfFileExists{mathtools.sty}{\usepackage{mathtools}}{}

\begin{document}
% set the foreground color
\IfFileExists{xcolor.sty}{\color[HTML]{EEFFFF}}{}%
\(
\label{eq:2}
    \begin{cases}
        \frac{\partial \mathcal{J}_{t}}{\partial \phi_{2}(\bm{h}^{\left(1\right)}_i)}=0  \implies & {\lambda_{1} \phi_{2}(\bm{h}^{\left(1\right)}_i) =  \bm{U}_{1}^\top \phi_{1}(\bm{x}_i) +\bm{U}_{2} \phi_{2}(\bm{h}^{\left(2\right)}_i)}, \enskip \forall i= 1,\dots, N \\
        %
        \frac{\partial \mathcal{J}_{t}}{\partial \bm{U}_{1}}=0     \implies                       & {\bm{U}_{1} = \frac{1}{\eta_{1}} \sum_{i=1}^{N}\phi_{1}(\bm{x}_{i})\phi_{2}(\bm{h}^{\left(1\right)}_i)^\top }                                                          \\
        %
        \frac{\partial \mathcal{J}_{t}}{\partial \bm{h}^{\left(2\right)}_{i}}=0  \implies         & {\lambda_{2} \bm{h}^{\left(2\right)}_i =  \bm{U}_{2}^\top \phi_{2}(\bm{h}^{\left(1\right)}_i), \enskip \forall i= 1,\dots, N                                           \\
        %
        \frac{\partial \mathcal{J}_{t}}{\partial \bm{U}_{2}} =0     \implies                      & {\bm{U}_{2} = \frac{1}{\eta_{2}} \sum_{i=1}^{N}\phi_{2}(\bm{y}_{i})\bm{h}^{\left(2\right)}_i }.
    \end{cases}
\end{equation}
%
Eliminating $\bm{U}_{1}$ and $\bm{U}_{2}$ variables and denoting $ \bm{\Lambda}_{1} =\diag\{\lambda^{(1)}_1,\ldots,\lambda^{(1)}_s\}\in\mathbb{R}^{s^{(1)}\times s^{(1)}} $, $ \bm{\Lambda}_{2} =\diag\{\lambda^{(2)}_1,\ldots,\lambda^{(2)}_s\}\in\mathbb{R}^{s^{(2)}\times s^{(2)}} $ with $\left\{s^{(1)}, s^{(2)}\right\} \leq N$, yields the following eigenvalue problems:
%
\begin{equation}\label{eq:sup_KPCA}
 \begin{}
 
 \end{}
    {\left[ \frac{1}{\eta_{1}}\bm{K}_{1} + \frac{1}{\eta_{2}}\bm{K}_{2} \right] \bm{H}^\top=\bm{H}^\top \bm{\Lambda}},
\end{equation}
%
where $ \bm{H} =\big[\bm{h}_1 ,\dots, \bm{h}_N \big]\in \mathbb{R}^{s\times N} $ with $s\leq N$ is the number of selected principal components and $\bm{K}_{1},\bm{K}_{2} \in \mathbb{R}^{N \times N}$ are the kernel matrices corresponding to data sources\footnote{While in the above section we have assumed that only two data sources (namely $\mathcal{X}$ and $\mathcal{Y}$) are available for learning, the above procedure could be extended to multiple data-sources. For the $M$ views or data-sources, this yields the training problem: ${\left[\sum_{\ell=1}^{M} \frac{1}{\eta_{\ell}}\bm{K}_{\ell} \right] \bm{H}^\top=\bm{H}^\top \bm{\Lambda}}.$}. Based on Mercer's theorem \cite{mercer_james_functions}, positive-definite kernel functions $k_{1}: \mathbb{R}^{d} \times \mathbb{R}^{d} \mapsto \mathbb{R}$, $k_{2}: \mathbb{R}^{p} \times \mathbb{R}^{p} \mapsto \mathbb{R}$  can be defined such that $k_{1}(\bm{x}_{i},\bm{x}_{j})=\langle \phi_{1}(\bm{x}_{i}), \phi_{1}(\bm{x}_{j})\rangle$, and $k_{2}(\bm{y}_{i},\bm{y}_{j})=\langle \phi_{2}(\bm{y}_{i}), \phi_{2}(\bm{y}_{j})\rangle,~\forall i,j=1,\dots,N$ forms the elements of corresponding kernel matrices. The feature maps $\phi_{1}$ and $\phi_{2}$, mapping the input data to the high-dimensional feature space (possibly infinite) are implicitly defined by kernel functions. Typical examples of such kernels are given by the Gaussian RBF kernel $k(\bm{x}_i,\bm{x}_j) = e^{-\|\bm{x}_i-\bm{x}_j\|_2^2/(2\sigma^2)}$ or the Laplace kernel $k(\bm{x}_i,\bm{x}_j) =e^{-\|\bm{x}_i-\bm{x}_j\|_2/\sigma}$ just to name a few \cite{Scholkopf2001}. However, one can also define explicit feature maps, still preserving the positive-definiteness of the kernel function by construction \cite{suykens_least_2002}.\\
% However, we will mostly use $ H $ to work with non-linear models. From training, we know $ V $, $ U $ and $ H $.
%
%
\subsection{Generation}
%
In this section, we derive the equations for the generative mechanism. RKMs resembling energy-based models, the inference consists in clamping the value of observed variables and finding configurations of the remaining variables that minimizes the energy  \cite{lecun_learning_2004}. Given the learned interconnection matrices $\bm U$ and $\bm V$, and a given latent variable $\bm{h}^{\star}$, consider the following objective function:
%
\begin{equation}\label{eq:obj_gen_lin}
    {\mathcal{J}_{g}= - \phi_{1}(\bm{x}^{\star})^{\top}\bm{U}\bm{h}^{\star} - \phi_{2}(\bm{y}^{\star})^{\top}\bm{V} \bm{h}^{*} + \dfrac{1}{2}\phi_{1}(\bm{x}^{\star})^{\top}\phi_{1}(\bm{x}^{\star}) + \dfrac{1}{2}\phi_{2}(\bm{y}^{\star})^{\top}\phi_{2}(\bm{y}^{\star})},
\end{equation}
with an additional regularization term on data sources. The given latent variable $\bm{h}^{\star}$ can be the corresponding hidden variable of a training point, a newly sampled hidden unit or a specifically determined one. Above cases correspond to generating the reconstructed visible unit, generating a random new visible unit or exploring the latent space by carefully selecting hidden units respectively.
Here ${\mathcal{J}_{g}}$ denotes the objective function for generation.
%
The stationary points of $\mathcal{J}_{g}$ are characterized by:
%
\begin{equation}\label{eq:statio_pred}
    \begin{cases}
        \frac{\partial \mathcal{J}_{g}}{\partial \phi_{1}(\bm{x}^{\star})}=0     \implies  & \phi_{1}(\bm{x}^{\star}) = \bm{U}\bm{h}^{\star}, \\
        \frac{\partial \mathcal{J}_{g}}{\partial \phi_{2}(\bm{y}^{\star})} =0     \implies & \phi_{2}(\bm{y}^{\star}) = \bm{V}\bm{h}^{\star}.
    \end{cases}
\end{equation}
%
Using $\bm{U}$ and $\bm V$ from Eq. \ref{eq:2}, we obtain the generated feature vectors:
%
\begin{equation}\label{eq:impl_sol}
    {\phi}_{1}(\bm{x}^{\star}) = \left(\dfrac{1}{\eta_{1}} \sum_{i=1}^{N}{\phi}_{1}(\bm{x}_i)\bm{h}_{i}^\top\right) \bm{h}^{\star},
    \quad
    {\phi}_{2}(\bm{y}^{\star}) = \left(\dfrac{1}{\eta_{2}} \sum_{i=1}^{N}{\phi}_{2}(\bm{y}_i)\bm{h}_{i}^\top\right) \bm{h}^{\star}.
\end{equation}
%
%
%
%
To obtain the generated data, one now needs to compute the inverse images of the feature maps $\phi_{1}(\cdot)$ and $\phi_{2}(\cdot)$ in the respective input spaces, i.e., solve the \emph{pre-image problem}. We seek to find the functions $\psi_1 \colon \mathbb{R}^{d_f}  \mapsto \mathbb{R}^{d}$ and $\psi_2 \colon \mathbb{R}^{p_f}  \mapsto \mathbb{R}^p$ corresponding to the two data-sources, such that $(\psi_1 \circ \phi_1) (\bm{x}^\star)\approx \bm{x}^\star$ and $(\psi_2 \circ \phi_2) (\bm{y}^\star) \approx \bm{y}^\star$, where $\phi_1 (\bm{x}^\star)$ and $\phi_2 (\bm{y}^\star)$ are calculated using Eq. \ref{eq:impl_sol}.

When using kernel methods, explicit feature maps are not necessarily known. Commonly used kernels such as the radial-basis function and polynomial kernels map the input data to a very high dimensional feature space. Hence finding the pre-image, in general, is known to be an ill-conditioned problem \cite{mika_kernel_nodate}. However, various approximation techniques have been proposed \cite{bui_projection-free_2019,kwok_pre-image_2004-2,honeine_preimage_2011-1,weston_learning_2004} which could be used to obtain the approximate pre-image $\hat{\bm{x}}$ of ${\phi}_{1}(\bm{x}^{\star})$. In section \ref{sec:implicit}, we employ one such technique to demonstrate the applicability in our model, and consequently generate the multi-view data. One could also define explicit pre-image maps. In section \ref{sec: explicit}, we define parametric pre-image maps and learn the parameters by minimizing the appropriately defined reconstruction errors. The next section describes the above two pre-image methods for both cases, i.e., when the feature map is explicitly known or unknown, in greater detail.
%
% \subsubsection{Estimating Pre-images}
% % (new pre-image, neural network)
% Here we outline two methods for estimating pre-image both when feature map $\phi$ is known explicitly known or not. Since $ \bm{x}^{\star} $ is not unique or may not exist, we find an approximation $ \hat{\bm{x}} $:
% 
\section{Implicit \& Explicit feature map \label{sec:featuremaps}}
\subsection{Implicit feature map}
\label{sec:implicit}
%
As noted in the previous section, since $ \bm{x}^{\star} $ may not exist, we find an approximation $ \hat{\bm{x}} $. A possible technique is shown by cite{joachim}. Left multiplying Eq. \ref{eq:impl_sol} by ${\phi}_{1}(\bm{x}_{i}^{\star})^{\top}$ and ${\phi}_{2}(\bm{y}_{i}^{\star})^{\top}$, $\forall i=1,\dots, N$, we obtain:
% 
\begin{equation}\label{eq:Kxy}
    {{\bm k}_{\bm{x}^{\star}}=\dfrac{1}{\eta_{1}}{\bm{K}}_{1}\bm{H}^\top \bm{h}^{\star}}, \quad    {{\bm{k}}_{\bm{y}^{\star}}=\dfrac{1}{\eta_{2}}{\bm{K}}_{2}\bm{H}^\top \bm{h}^{\star}},
\end{equation}
where, ${\bm k}_{\bm{x}^{\star}}=\left[ k(\bm{x}_{1}, \bm{x}^{\star}),\dots,k(\bm{x}_{N}, \bm{x}^{\star}) \right]^{\top}$ represents the \emph{similarities} between $\phi_1 (\bm{x}^{\star})$ and training data points in the feature space, and $\bm{K}_{1}\in \mathbb{R}^{N\times N}$ represents the centered kernel matrix of $\mathcal{X}$. Similar conventions follow for $\mathcal{Y}$ respectively. Using the \emph{kernel-smoother} method \cite{hastie01statisticallearning}, the pre-images are given by:
%
\begin{equation}\label{eq: pre-Ix,y}
    {\hat{\bm{x}} = \psi_1 \left( \phi_1 (\bm{x}^\star) \right) =\dfrac{\sum_{j=1}^{n_{r}} \tilde{k}_{1}(\bm{x}_{j}, \bm{x}^{\star})\bm{x}_j }{\sum_{j=1}^{n_{r}} \tilde{k}_{1}(\bm{x}_{j}, \bm{x}^{\star})}}, \quad    {\hat{\bm{y}}= \psi_2 \left( \phi_2 (\bm{y}^\star) \right) = \dfrac{\sum_{j=1}^{n_{r}} \tilde{k}_{2}(\bm{y}_{j}, \bm{y}^{\star})\bm{y}_j }{\sum_{j=1}^{n_{r}} \tilde{k}_{2}(\bm{y}_{j}, \bm{y}^{\star})}},
\end{equation}
where $\tilde{k}_1(\bm{x}_i,\bm{x}^{\star})$ and $\tilde{k}_2(\bm{y}_i,\bm{y}^{\star})$ are the scaled similarities (see Eq. \ref{eq: pre-Ix,y}) between $0$ and $1$ and $n_{r}$ the number of closest points based on the similarity defined by kernels $\tilde{k}_1$ and $\tilde{k}_2$.
% Advantages: Targeted generation (useful in critical applications)
% 
\subsection{Explicit Feature map}
\label{sec: explicit}

While using an explicit feature map, Mercer's theorem still holds due to the positive  semi-definiteness of the kernel function by construction, thereby allowing the derivation of Eq. \ref{eq:sup_KPCA}. In the experiments, we use a set of (convolutional) neural networks as the feature maps $\phi_{\bm{\theta}}(\cdot)$. Another (transposed convolutional) neural network is used for the pre-image map $\psi_{\bm{\zeta}}(\cdot)$ \cite{dumoulin2016guide}. The network parameters $\{\bm{\theta},\bm{\zeta}\}$ are learned by minimizing the reconstruction errors defined by $ \mathcal{L}_1(\bm{x}_i^\star,\psi_{1_{\bm{\zeta}_{1}}} (\phi_{1_{\bm{\theta}_{1}}} (\bm{x}_i^\star)))$ and $\mathcal{L}_2(\bm{y}_i^\star,\psi_{2_{\bm{\zeta}_{2}}} (\phi_{2_{\bm{\theta}_{2}}} (\bm{y}_i^\star)))$. In our experiments, we use the mean-squared errors $\mathcal{L}_1(\bm{x}_i^\star,\psi_{1_{\bm{\zeta}_{1}}} (\phi_{1_{\bm{\theta}_{1}}} (\bm{x}_i^\star))) =  \frac{1}{N} \norm{\bm{x}^\star_i - \psi_{1_{\bm{\zeta}_{1}}} (\phi_{1_{\bm{\theta}_{1}}} (\bm{x}_i^\star))}^{2}_2$ and $\mathcal{L}_2(\bm{y}_i^\star,\psi_{2_{\bm{\zeta}_{2}}} (\phi_{2_{\bm{\theta}_{2}}} (\bm{y}_i^\star))) =  \frac{1}{N} \norm{\bm{y}^\star_i - \psi_{2_{\bm{\zeta}_{2}}} (\phi_{2_{\bm{\theta}_{2}}} (\bm{y}_i^\star))}^{2}_2$, however, in principle, one can use any other loss appropriate to the dataset.
Here $\phi_{1_{\bm{\theta}_{1}}} (\bm{x}_i^\star)$ and $\phi_{2_{\bm{\theta}_{2}}} (\bm{y}_i^\star)$ are computed from Eq. \ref{eq:impl_sol}, i.e., the generated points in feature space from the subspace $\mathcal{H}$.

Adding the loss function directly into the objective function $\mathcal{J}_t$ is not suitable for minimization. Instead, we use the stabilized objective function defined as $\mathcal{J}_{stab} = \mathcal{J}_{t} + \frac{c_{\mathrm{stab}}}{2} \mathcal{J}_{t}^2 $, where $c_{stab}\in \mathbb{R}^{+}$ is the regularization constant \cite{suykens_deep_2017}. This tends to push the objective function $\mathcal{J}_t$ towards zero, which is also the case when substituting the solutions $\lambda_i , \bm{h}_i$ back into $\mathcal{J}_t$ (see Appendix \ref{sec:stabilizationTerm} for details). The combined training objective is given by:
%\begin{equation}
%    \label{eq:combined_trainigEq}
%    \mathcal{J}_{c}  = \mathcal{J}_{stab} + \frac{c_{\mathrm{acc}}}{2 N}\left(\sum_{i=1}^N\left[ \norm{\bm{x}^\star_i - \psi_1 (\phi_1 (\bm{x}_i^\star))}^{2}_2  + \norm{\bm{y}^\star_i - \psi_2 (\phi_2 (\bm{y}_i^\star))}^{2}_2 \right] \right), \\
%\end{equation}
\begin{equation}
    \label{eq:combined_trainigEq}
    \underset{\bm{\theta}_1,\bm{\theta}_2,\bm{\zeta}_1,\bm{\zeta}_2}{\min} \mathcal{J}_{c} \enskip  = \mathcal{J}_{stab} + \frac{c_{\mathrm{acc}}}{2 N}\left(\sum_{i=1}^N\left[ \mathcal{L}_1(\bm{x}_i^\star,\psi_{1_{\bm{\zeta}_{1}}} (\phi_{1_{\bm{\theta}_{1}}} (\bm{x}_i^\star)))  + \mathcal{L}_2(\bm{y}_i^\star,\psi_{2_{\bm{\zeta}_{2}}} (\phi_{2_{\bm{\theta}_{2}}} (\bm{y}_i^\star))) \right] \right), \\
\end{equation}
where $c_{\mathrm{acc}}\in \mathbb{R}^+$ is a regularization constant to control the stability with reconstruction accuracy. In this way, we integrate feature-selection and subspace learning within the same training procedure.

\section{The Gen-RKM Algorithm \label{sec:algo}}
%
Based on the previous analysis, we propose a novel algorithm, called the Gen-RKM algorithm, combining kernel learning and generative models. We show that this procedure is efficient to train and evaluate. It is also scalable to large datasets when using explicit feature maps. The training procedure simultaneously involves feature selection, common-subspace learning and inverse-map learning. This is achieved via an optimization procedure where one iteration involves an eigendecomposition of the kernel matrix which is composed of the features from various views (see Eq. \ref{eq:sup_KPCA}). The latent variables are given by the eigenvectors, which are then passed via a pre-image map to reconstruct the sample. The  reconstruction error together with the energy function represents the cost that needs to be minimized. Fig. \ref{fig:schematic_Gen_rkm} shows a schematic representation of the algorithm when two data sources are available.

Thanks to training in  $m$ mini-batches, this procedure is scalable to large datasets (sample size $N$) with training time scaling super-linearly with $ T_m = c \frac{N^{\gamma}}{m^{\gamma -1}}$, instead of $ T_k = c N^{\gamma} $, where $\gamma \approx 3$ for algorithms based on decomposition methods, with some proportionality constant $c$. The training time could be further reduced by computing the covariance matrix (size $(d_{f}+p_{f}) \times (d_{f}+p_{f})$) instead of a kernel matrix (size $\frac{N}{m} \times \frac{N}{m}$), when the sum of the dimensions of the feature-spaces is less than the samples in mini-batch i.e. $d_{f}+p_{f}\leq \frac{N}{m}$. While using neural networks as feature maps, $d_{f}$ and $p_{f}$ correspond to the number of neurons in the output layer, which are chosen as hyperparameters by the practitioner. Eigendecomposition of this smaller covariance matrix would yield $\bm{U}$ and $\bm{V}$ as eigenvectors (see Eq. \ref{eq: cov_mat} and Appendix \ref{subsec:cov_mat} for detailed derivation), where computing the $\bm{h}_i$ involves only matrix-multiplication which is readily parallelizable on modern GPUs:
%
\begin{equation}\label{eq: cov_mat}
    \begin{aligned}
        \begin{bmatrix}
            \frac{1}{\eta_1} \Phi_{\bm{x}}\Phi_{\bm{x}}^{\top} & \frac{1}{\eta_1}\Phi_{\bm{x}}\Phi_{\bm{y}}^{\top} \\
            \frac{1}{\eta_2}\Phi_{\bm{y}}\Phi_{\bm{x}}^{\top}  & \frac{1}{\eta_2}\Phi_{\bm{y}}\Phi_{\bm{y}}^{\top}
        \end{bmatrix}
        \begin{bmatrix}
            \bm{U} \\ \bm{V}
        \end{bmatrix} =
        \begin{bmatrix}
            \bm{U} \\ \bm{V}
        \end{bmatrix}\Lambda, & \quad \begin{aligned}
            \Phi_{\bm{x}} & \coloneqq\left[ \phi_{1}(\bm{x}_{1}),\dots, \phi_{1}(\bm{x}_{N}) \right], \\
            \Phi_{\bm{y}} & \coloneqq\left[ \phi_{2}(\bm{y}_{1}),\dots, \phi_{2}(\bm{y}_{N}) \right].
        \end{aligned}
    \end{aligned}
\end{equation}
%
%
\begin{algorithm}[]
    \caption{Gen-RKM}\label{algo}
    \small
    \textbf{Input:} $ \{\bm{x}_{i}, \bm{y}_{i}\}_{i=1}^N,~\eta_{1},~\eta_{2} $, feature map $ \phi_j ({\cdot}) $ - explicit \emph{or} implicit via kernels $ k_{j}(\cdot, \cdot), \text{for } j \in \{1, 2\} $ \\
    \textbf{Output:} Generated data $ \bm{x}^{\star},~\bm{y}^{\star}  $
    \vspace*{-10pt}
    \begin{multicols}{2}
        \begin{algorithmic}[1]
            \Procedure{Train}{}
            \If{$\phi_j ({\cdot})$ = Implicit}
            \State Hyperparameters: kernel specific
            \State Solve Eq. \ref{eq:sup_KPCA}
            \State Select $s$ principal components
            \ElsIf{$\phi_j ({\cdot})$ = Explicit}
            \While{not converged}
            \State $\{\bm{x}, \bm{y}\} \gets \text{\{Get mini-batch\}} $
            \State $ \phi_{1}(\bm{x})\gets \bm{x}; ~\phi_{2}(\bm{y})\gets \bm{y}  $
            \State do steps $ 4\text{-}5 $
            \State $\{\phi_{1}(\bm{x}), \phi_{2}(\bm{y})\} \gets h $ (Eq. \ref{eq:impl_sol})
            \State $ \{\bm{x}, \bm{y}\} \gets \{\psi_1(\phi_{1}(\bm{x})), \psi_2(\phi_{2}(\bm{y}))\} $
            \State $ \Delta \bm{\theta}_1 \propto -\nabla_{\bm{\theta}_1} \mathcal{J}_{c} $; $~ \Delta \bm{\theta}_2 \propto -\nabla_{\bm{\theta}_2} \mathcal{J}_{c} $
            \State $ \Delta \bm{\zeta}_1 \propto -\nabla_{\bm{\zeta}_1} \mathcal{J}_{c} $; $~ \Delta \bm{\zeta}_2 \propto -\nabla_{\bm{\zeta}_2} \mathcal{J}_{c} $
            \EndWhile
            \EndIf
            \EndProcedure
        \end{algorithmic}

        \columnbreak

        \begin{algorithmic}[1]
            \Procedure{Generation}{}
            \State Select $ \bm{h}^{\star}$
            \If{$\phi_j ({\cdot})$ = Implicit}
            \State Hyperparameter: $ n_{r} $
            \State Compute $ \bm{k}_{\bm{x}^{*}},~\bm{k}_{\bm{y}^{*}} $ (Eq. \ref{eq:Kxy})
            \State $ \text{Get }{\hat{\bm{x}}},~{\hat{\bm{y}}} $ (Eq. \ref{eq: pre-Ix,y})
            \ElsIf{$\phi_j ({\cdot})$ = Explicit}
            \State do steps $ 11\text{-}12$
            \EndIf

            \EndProcedure
        \end{algorithmic}
    \end{multicols}
\end{algorithm}
%

%
%
%%%%%%%%%%%%%%%%%%%%%%%%%%%%%%%%%%%%%%%%%%%%%%%%%%%%%%%%%%%%%%%%%%%%%%%%%%%%%%%%%%%%%%%%%%%%%%%%%%%%%%%%%%%%

%%%%%%%%%%%%%%%%%%%%%%%%%%%%%%%%%%%%%%%%%%%%%%%%%%%%%%%%%%%%%%%%%%%%%%%%%%%%%%%%%%%%%%%%%%%%%

%%%%%%%%%%%%%%%%%%%%%%%%%%%%%%%%%%%%%%%%%%%%%%%%%%%%%%%%%%%%%%%%%%%%%%%%%%%%%%%%%%%%%%%%%%%%%%%%%%%%%%%%%%%%
\newpage
\bibliography{../utils/references}
\bibliographystyle{../utils/iclr2020_conference}
%%%%%%%%%%%%%%%%%%%%%%%%%%%%%%%%%%%%%%%%%%%%%%%%%%%%%%%%%%%%%%%%%%%%%%%%%%%%%%%%%%%%%%%%%%%%%%%%%%%%%%%%%%%%
%
%
\end{document}
\)
\end{document}

-----END DOCUMENT-----

Log file:
-----BEGIN LOG-----
This is pdfTeX, Version 3.14159265-2.6-1.40.18 (TeX Live 2017/Debian) (preloaded format=pdflatex 2019.9.29)  25 OCT 2019 10:33
entering extended mode
 restricted \write18 enabled.
 %&-line parsing enabled.
**d7d3d0d8972d8be7ce0a6602afb2323b.tex
(./d7d3d0d8972d8be7ce0a6602afb2323b.tex
LaTeX2e <2017-04-15>
Babel <3.18> and hyphenation patterns for 84 language(s) loaded.
(/usr/share/texlive/texmf-dist/tex/latex/standalone/standalone.cls
Document Class: standalone 2015/07/15 v1.2 Class to compile TeX sub-files stand
alone
(/usr/share/texlive/texmf-dist/tex/generic/oberdiek/ifluatex.sty
Package: ifluatex 2016/05/16 v1.4 Provides the ifluatex switch (HO)
Package ifluatex Info: LuaTeX not detected.
)
(/usr/share/texlive/texmf-dist/tex/generic/oberdiek/ifpdf.sty
Package: ifpdf 2017/03/15 v3.2 Provides the ifpdf switch
)
(/usr/share/texlive/texmf-dist/tex/generic/ifxetex/ifxetex.sty
Package: ifxetex 2010/09/12 v0.6 Provides ifxetex conditional
)
(/usr/share/texlive/texmf-dist/tex/latex/xkeyval/xkeyval.sty
Package: xkeyval 2014/12/03 v2.7a package option processing (HA)

(/usr/share/texlive/texmf-dist/tex/generic/xkeyval/xkeyval.tex
(/usr/share/texlive/texmf-dist/tex/generic/xkeyval/xkvutils.tex
\XKV@toks=\toks14
\XKV@tempa@toks=\toks15

(/usr/share/texlive/texmf-dist/tex/generic/xkeyval/keyval.tex))
\XKV@depth=\count79
File: xkeyval.tex 2014/12/03 v2.7a key=value parser (HA)
))
\sa@internal=\count80
\c@sapage=\count81

(/usr/share/texlive/texmf-dist/tex/latex/standalone/standalone.cfg
File: standalone.cfg 2015/07/15 v1.2 Default configuration file for 'standalone
' class
)
(/usr/share/texlive/texmf-dist/tex/latex/base/article.cls
Document Class: article 2014/09/29 v1.4h Standard LaTeX document class
(/usr/share/texlive/texmf-dist/tex/latex/base/size10.clo
File: size10.clo 2014/09/29 v1.4h Standard LaTeX file (size option)
)
\c@part=\count82
\c@section=\count83
\c@subsection=\count84
\c@subsubsection=\count85
\c@paragraph=\count86
\c@subparagraph=\count87
\c@figure=\count88
\c@table=\count89
\abovecaptionskip=\skip41
\belowcaptionskip=\skip42
\bibindent=\dimen102
)
(/usr/share/texmf/tex/latex/preview/preview.sty
Package: preview 2017/04/24 11.91 (AUCTeX/preview-latex)

(/usr/share/texlive/texmf-dist/tex/generic/luatex85/luatex85.sty
Package: luatex85 2016/06/15 v1.4 pdftex aliases for luatex
)
(/usr/share/texmf/tex/latex/preview/prtightpage.def
\PreviewBorder=\dimen103
)
\pr@snippet=\count90
\pr@box=\box26
\pr@output=\toks16
))
(/usr/share/texlive/texmf-dist/tex/latex/xcolor/xcolor.sty
Package: xcolor 2016/05/11 v2.12 LaTeX color extensions (UK)

(/usr/share/texlive/texmf-dist/tex/latex/graphics-cfg/color.cfg
File: color.cfg 2016/01/02 v1.6 sample color configuration
)
Package xcolor Info: Driver file: pdftex.def on input line 225.

(/usr/share/texlive/texmf-dist/tex/latex/graphics-def/pdftex.def
File: pdftex.def 2018/01/08 v1.0l Graphics/color driver for pdftex
)
Package xcolor Info: Model `cmy' substituted by `cmy0' on input line 1348.
Package xcolor Info: Model `hsb' substituted by `rgb' on input line 1352.
Package xcolor Info: Model `RGB' extended on input line 1364.
Package xcolor Info: Model `HTML' substituted by `rgb' on input line 1366.
Package xcolor Info: Model `Hsb' substituted by `hsb' on input line 1367.
Package xcolor Info: Model `tHsb' substituted by `hsb' on input line 1368.
Package xcolor Info: Model `HSB' substituted by `hsb' on input line 1369.
Package xcolor Info: Model `Gray' substituted by `gray' on input line 1370.
Package xcolor Info: Model `wave' substituted by `hsb' on input line 1371.
)
(/usr/share/texlive/texmf-dist/tex/latex/amsmath/amsmath.sty
Package: amsmath 2017/09/02 v2.17a AMS math features
\@mathmargin=\skip43

For additional information on amsmath, use the `?' option.
(/usr/share/texlive/texmf-dist/tex/latex/amsmath/amstext.sty
Package: amstext 2000/06/29 v2.01 AMS text

(/usr/share/texlive/texmf-dist/tex/latex/amsmath/amsgen.sty
File: amsgen.sty 1999/11/30 v2.0 generic functions
\@emptytoks=\toks17
\ex@=\dimen104
))
(/usr/share/texlive/texmf-dist/tex/latex/amsmath/amsbsy.sty
Package: amsbsy 1999/11/29 v1.2d Bold Symbols
\pmbraise@=\dimen105
)
(/usr/share/texlive/texmf-dist/tex/latex/amsmath/amsopn.sty
Package: amsopn 2016/03/08 v2.02 operator names
)
\inf@bad=\count91
LaTeX Info: Redefining \frac on input line 213.
\uproot@=\count92
\leftroot@=\count93
LaTeX Info: Redefining \overline on input line 375.
\classnum@=\count94
\DOTSCASE@=\count95
LaTeX Info: Redefining \ldots on input line 472.
LaTeX Info: Redefining \dots on input line 475.
LaTeX Info: Redefining \cdots on input line 596.
\Mathstrutbox@=\box27
\strutbox@=\box28
\big@size=\dimen106
LaTeX Font Info:    Redeclaring font encoding OML on input line 712.
LaTeX Font Info:    Redeclaring font encoding OMS on input line 713.
\macc@depth=\count96
\c@MaxMatrixCols=\count97
\dotsspace@=\muskip10
\c@parentequation=\count98
\dspbrk@lvl=\count99
\tag@help=\toks18
\row@=\count100
\column@=\count101
\maxfields@=\count102
\andhelp@=\toks19
\eqnshift@=\dimen107
\alignsep@=\dimen108
\tagshift@=\dimen109
\tagwidth@=\dimen110
\totwidth@=\dimen111
\lineht@=\dimen112
\@envbody=\toks20
\multlinegap=\skip44
\multlinetaggap=\skip45
\mathdisplay@stack=\toks21
LaTeX Info: Redefining \[ on input line 2817.
LaTeX Info: Redefining \] on input line 2818.
)
(/usr/share/texlive/texmf-dist/tex/latex/amsfonts/amssymb.sty
Package: amssymb 2013/01/14 v3.01 AMS font symbols

(/usr/share/texlive/texmf-dist/tex/latex/amsfonts/amsfonts.sty
Package: amsfonts 2013/01/14 v3.01 Basic AMSFonts support
\symAMSa=\mathgroup4
\symAMSb=\mathgroup5
LaTeX Font Info:    Overwriting math alphabet `\mathfrak' in version `bold'
(Font)                  U/euf/m/n --> U/euf/b/n on input line 106.
))
(/usr/share/texlive/texmf-dist/tex/latex/base/latexsym.sty
Package: latexsym 1998/08/17 v2.2e Standard LaTeX package (lasy symbols)
\symlasy=\mathgroup6
LaTeX Font Info:    Overwriting symbol font `lasy' in version `bold'
(Font)                  U/lasy/m/n --> U/lasy/b/n on input line 52.
)
(/usr/share/texlive/texmf-dist/tex/latex/mathtools/mathtools.sty
Package: mathtools 2018/01/08 v1.21 mathematical typesetting tools

(/usr/share/texlive/texmf-dist/tex/latex/tools/calc.sty
Package: calc 2014/10/28 v4.3 Infix arithmetic (KKT,FJ)
\calc@Acount=\count103
\calc@Bcount=\count104
\calc@Adimen=\dimen113
\calc@Bdimen=\dimen114
\calc@Askip=\skip46
\calc@Bskip=\skip47
LaTeX Info: Redefining \setlength on input line 80.
LaTeX Info: Redefining \addtolength on input line 81.
\calc@Ccount=\count105
\calc@Cskip=\skip48
)
(/usr/share/texlive/texmf-dist/tex/latex/mathtools/mhsetup.sty
Package: mhsetup 2017/03/31 v1.3 programming setup (MH)
)
LaTeX Info: Thecontrolsequence`\('isalreadyrobust on input line 129.
LaTeX Info: Thecontrolsequence`\)'isalreadyrobust on input line 129.
LaTeX Info: Thecontrolsequence`\['isalreadyrobust on input line 129.
LaTeX Info: Thecontrolsequence`\]'isalreadyrobust on input line 129.
\g_MT_multlinerow_int=\count106
\l_MT_multwidth_dim=\dimen115
\origjot=\skip49
\l_MT_shortvdotswithinadjustabove_dim=\dimen116
\l_MT_shortvdotswithinadjustbelow_dim=\dimen117
\l_MT_above_intertext_sep=\dimen118
\l_MT_below_intertext_sep=\dimen119
\l_MT_above_shortintertext_sep=\dimen120
\l_MT_below_shortintertext_sep=\dimen121
)
No file d7d3d0d8972d8be7ce0a6602afb2323b.aux.
\openout1 = `d7d3d0d8972d8be7ce0a6602afb2323b.aux'.

LaTeX Font Info:    Checking defaults for OML/cmm/m/it on input line 10.
LaTeX Font Info:    ... okay on input line 10.
LaTeX Font Info:    Checking defaults for T1/cmr/m/n on input line 10.
LaTeX Font Info:    ... okay on input line 10.
LaTeX Font Info:    Checking defaults for OT1/cmr/m/n on input line 10.
LaTeX Font Info:    ... okay on input line 10.
LaTeX Font Info:    Checking defaults for OMS/cmsy/m/n on input line 10.
LaTeX Font Info:    ... okay on input line 10.
LaTeX Font Info:    Checking defaults for OMX/cmex/m/n on input line 10.
LaTeX Font Info:    ... okay on input line 10.
LaTeX Font Info:    Checking defaults for U/cmr/m/n on input line 10.
LaTeX Font Info:    ... okay on input line 10.
Preview: Fontsize 10pt
Preview: PDFoutput 1
(/usr/share/texlive/texmf-dist/tex/context/base/mkii/supp-pdf.mkii
[Loading MPS to PDF converter (version 2006.09.02).]
\scratchcounter=\count107
\scratchdimen=\dimen122
\scratchbox=\box29
\nofMPsegments=\count108
\nofMParguments=\count109
\everyMPshowfont=\toks22
\MPscratchCnt=\count110
\MPscratchDim=\dimen123
\MPnumerator=\count111
\makeMPintoPDFobject=\count112
\everyMPtoPDFconversion=\toks23
) (/usr/share/texlive/texmf-dist/tex/latex/graphics/graphicx.sty
Package: graphicx 2017/06/01 v1.1a Enhanced LaTeX Graphics (DPC,SPQR)

(/usr/share/texlive/texmf-dist/tex/latex/graphics/graphics.sty
Package: graphics 2017/06/25 v1.2c Standard LaTeX Graphics (DPC,SPQR)

(/usr/share/texlive/texmf-dist/tex/latex/graphics/trig.sty
Package: trig 2016/01/03 v1.10 sin cos tan (DPC)
)
(/usr/share/texlive/texmf-dist/tex/latex/graphics-cfg/graphics.cfg
File: graphics.cfg 2016/06/04 v1.11 sample graphics configuration
)
Package graphics Info: Driver file: pdftex.def on input line 99.
)
\Gin@req@height=\dimen124
\Gin@req@width=\dimen125
)
LaTeX Font Info:    Try loading font information for U+msa on input line 13.

(/usr/share/texlive/texmf-dist/tex/latex/amsfonts/umsa.fd
File: umsa.fd 2013/01/14 v3.01 AMS symbols A
)
LaTeX Font Info:    Try loading font information for U+msb on input line 13.

(/usr/share/texlive/texmf-dist/tex/latex/amsfonts/umsb.fd
File: umsb.fd 2013/01/14 v3.01 AMS symbols B
)
LaTeX Font Info:    Try loading font information for U+lasy on input line 13.

(/usr/share/texlive/texmf-dist/tex/latex/base/ulasy.fd
File: ulasy.fd 1998/08/17 v2.2e LaTeX symbol font definitions
)
! Undefined control sequence.
<argument> \partial \phi _{2}(\bm 
                                  {h}^{\left (1\right )}_i)
l.16 ...rtial \phi_{2}(\bm{h}^{\left(1\right)}_i)}
                                                  =0  \implies & {\lambda_{1...
The control sequence at the end of the top line
of your error message was never \def'ed. If you have
misspelled it (e.g., `\hobx'), type `I' and the correct
spelling (e.g., `I\hbox'). Otherwise just continue,
and I'll forget about whatever was undefined.

! Undefined control sequence.
l.16 ...)}=0  \implies & {\lambda_{1} \phi_{2}(\bm
                                                  {h}^{\left(1\right)}_i) = ...
The control sequence at the end of the top line
of your error message was never \def'ed. If you have
misspelled it (e.g., `\hobx'), type `I' and the correct
spelling (e.g., `I\hbox'). Otherwise just continue,
and I'll forget about whatever was undefined.

! Undefined control sequence.
l.16 ...\phi_{2}(\bm{h}^{\left(1\right)}_i) =  \bm
                                                  {U}_{1}^\top \phi_{1}(\bm{...
The control sequence at the end of the top line
of your error message was never \def'ed. If you have
misspelled it (e.g., `\hobx'), type `I' and the correct
spelling (e.g., `I\hbox'). Otherwise just continue,
and I'll forget about whatever was undefined.

! Undefined control sequence.
l.16 ...right)}_i) =  \bm{U}_{1}^\top \phi_{1}(\bm
                                                  {x}_i) +\bm{U}_{2} \phi_{2...
The control sequence at the end of the top line
of your error message was never \def'ed. If you have
misspelled it (e.g., `\hobx'), type `I' and the correct
spelling (e.g., `I\hbox'). Otherwise just continue,
and I'll forget about whatever was undefined.

! Undefined control sequence.
l.16 ...=  \bm{U}_{1}^\top \phi_{1}(\bm{x}_i) +\bm
                                                  {U}_{2} \phi_{2}(\bm{h}^{\...
The control sequence at the end of the top line
of your error message was never \def'ed. If you have
misspelled it (e.g., `\hobx'), type `I' and the correct
spelling (e.g., `I\hbox'). Otherwise just continue,
and I'll forget about whatever was undefined.

! Undefined control sequence.
l.16 ...phi_{1}(\bm{x}_i) +\bm{U}_{2} \phi_{2}(\bm
                                                  {h}^{\left(2\right)}_i)}, ...
The control sequence at the end of the top line
of your error message was never \def'ed. If you have
misspelled it (e.g., `\hobx'), type `I' and the correct
spelling (e.g., `I\hbox'). Otherwise just continue,
and I'll forget about whatever was undefined.

! Undefined control sequence.
<argument> \partial \bm 
                        {U}_{1}
l.18 ...tial \mathcal{J}_{t}}{\partial \bm{U}_{1}}
                                                  =0     \implies           ...
The control sequence at the end of the top line
of your error message was never \def'ed. If you have
misspelled it (e.g., `\hobx'), type `I' and the correct
spelling (e.g., `I\hbox'). Otherwise just continue,
and I'll forget about whatever was undefined.

! Undefined control sequence.
l.18 ...     \implies                       & {\bm
                                                  {U}_{1} = \frac{1}{\eta_{1...
The control sequence at the end of the top line
of your error message was never \def'ed. If you have
misspelled it (e.g., `\hobx'), type `I' and the correct
spelling (e.g., `I\hbox'). Otherwise just continue,
and I'll forget about whatever was undefined.

! Undefined control sequence.
l.18 ...ac{1}{\eta_{1}} \sum_{i=1}^{N}\phi_{1}(\bm
                                                  {x}_{i})\phi_{2}(\bm{h}^{\...
The control sequence at the end of the top line
of your error message was never \def'ed. If you have
misspelled it (e.g., `\hobx'), type `I' and the correct
spelling (e.g., `I\hbox'). Otherwise just continue,
and I'll forget about whatever was undefined.

! Undefined control sequence.
l.18 ..._{i=1}^{N}\phi_{1}(\bm{x}_{i})\phi_{2}(\bm
                                                  {h}^{\left(1\right)}_i)^\t...
The control sequence at the end of the top line
of your error message was never \def'ed. If you have
misspelled it (e.g., `\hobx'), type `I' and the correct
spelling (e.g., `I\hbox'). Otherwise just continue,
and I'll forget about whatever was undefined.

! Undefined control sequence.
<argument> \partial \bm 
                        {h}^{\left (2\right )}_{i}
l.20 ...{t}}{\partial \bm{h}^{\left(2\right)}_{i}}
                                                  =0  \implies         & {\l...
The control sequence at the end of the top line
of your error message was never \def'ed. If you have
misspelled it (e.g., `\hobx'), type `I' and the correct
spelling (e.g., `I\hbox'). Otherwise just continue,
and I'll forget about whatever was undefined.

! Undefined control sequence.
l.20 ...i}}=0  \implies         & {\lambda_{2} \bm
                                                  {h}^{\left(2\right)}_i =  ...
The control sequence at the end of the top line
of your error message was never \def'ed. If you have
misspelled it (e.g., `\hobx'), type `I' and the correct
spelling (e.g., `I\hbox'). Otherwise just continue,
and I'll forget about whatever was undefined.

! Undefined control sequence.
l.20 ...ambda_{2} \bm{h}^{\left(2\right)}_i =  \bm
                                                  {U}_{2}^\top \phi_{2}(\bm{...
The control sequence at the end of the top line
of your error message was never \def'ed. If you have
misspelled it (e.g., `\hobx'), type `I' and the correct
spelling (e.g., `I\hbox'). Otherwise just continue,
and I'll forget about whatever was undefined.

! Undefined control sequence.
l.20 ...\right)}_i =  \bm{U}_{2}^\top \phi_{2}(\bm
                                                  {h}^{\left(1\right)}_i), \...
The control sequence at the end of the top line
of your error message was never \def'ed. If you have
misspelled it (e.g., `\hobx'), type `I' and the correct
spelling (e.g., `I\hbox'). Otherwise just continue,
and I'll forget about whatever was undefined.

! Missing } inserted.
<inserted text> 
                }
l.20 ...                                        \\
                                                  
I've inserted something that you may have forgotten.
(See the <inserted text> above.)
With luck, this will get me unwedged. But if you
really didn't forget anything, try typing `2' now; then
my insertion and my current dilemma will both disappear.

! Undefined control sequence.
<argument> \partial \bm 
                        {U}_{2}
l.22 ...tial \mathcal{J}_{t}}{\partial \bm{U}_{2}}
                                                   =0     \implies          ...
The control sequence at the end of the top line
of your error message was never \def'ed. If you have
misspelled it (e.g., `\hobx'), type `I' and the correct
spelling (e.g., `I\hbox'). Otherwise just continue,
and I'll forget about whatever was undefined.

! Undefined control sequence.
l.22 ...0     \implies                      & {\bm
                                                  {U}_{2} = \frac{1}{\eta_{2...
The control sequence at the end of the top line
of your error message was never \def'ed. If you have
misspelled it (e.g., `\hobx'), type `I' and the correct
spelling (e.g., `I\hbox'). Otherwise just continue,
and I'll forget about whatever was undefined.

! Undefined control sequence.
l.22 ...ac{1}{\eta_{2}} \sum_{i=1}^{N}\phi_{2}(\bm
                                                  {y}_{i})\bm{h}^{\left(2\ri...
The control sequence at the end of the top line
of your error message was never \def'ed. If you have
misspelled it (e.g., `\hobx'), type `I' and the correct
spelling (e.g., `I\hbox'). Otherwise just continue,
and I'll forget about whatever was undefined.

! Undefined control sequence.
l.22 ...{2}} \sum_{i=1}^{N}\phi_{2}(\bm{y}_{i})\bm
                                                  {h}^{\left(2\right)}_i }.
The control sequence at the end of the top line
of your error message was never \def'ed. If you have
misspelled it (e.g., `\hobx'), type `I' and the correct
spelling (e.g., `I\hbox'). Otherwise just continue,
and I'll forget about whatever was undefined.

! You can't use `\eqno' in math mode.
\endmathdisplay@a ...\df@tag \@empty \else \veqno 
                                                  \alt@tag \df@tag \fi \ifx ...
l.24 \end{equation}
                   
Sorry, but I'm not programmed to handle this case;
I'll just pretend that you didn't ask for it.
If you're in the wrong mode, you might be able to
return to the right one by typing `I}' or `I$' or `I\par'.


! LaTeX Error: \begin{document} ended by \end{equation}.

See the LaTeX manual or LaTeX Companion for explanation.
Type  H <return>  for immediate help.
 ...                                              
                                                  
l.24 \end{equation}
                   
Your command was ignored.
Type  I <command> <return>  to replace it with another command,
or  <return>  to continue without it.

! Missing $ inserted.
<inserted text> 
                $
l.24 \end{equation}
                   
I've inserted something that you may have forgotten.
(See the <inserted text> above.)
With luck, this will get me unwedged. But if you
really didn't forget anything, try typing `2' now; then
my insertion and my current dilemma will both disappear.

Preview: Tightpage -19661 -19661 19661 19661
[1{/var/lib/texmf/fonts/map/pdftex/updmap/pdftex.map}]
! Undefined control sequence.
<recently read> \bm 
                    
l.26 Eliminating $\bm
                     {U}_{1}$ and $\bm{U}_{2}$ variables and denoting $ \bm{...
The control sequence at the end of the top line
of your error message was never \def'ed. If you have
misspelled it (e.g., `\hobx'), type `I' and the correct
spelling (e.g., `I\hbox'). Otherwise just continue,
and I'll forget about whatever was undefined.

! Undefined control sequence.
<recently read> \bm 
                    
l.26 Eliminating $\bm{U}_{1}$ and $\bm
                                      {U}_{2}$ variables and denoting $ \bm{...
The control sequence at the end of the top line
of your error message was never \def'ed. If you have
misspelled it (e.g., `\hobx'), type `I' and the correct
spelling (e.g., `I\hbox'). Otherwise just continue,
and I'll forget about whatever was undefined.

! Undefined control sequence.
l.26 ... $\bm{U}_{2}$ variables and denoting $ \bm
                                                  {\Lambda}_{1} =\diag\{\lam...
The control sequence at the end of the top line
of your error message was never \def'ed. If you have
misspelled it (e.g., `\hobx'), type `I' and the correct
spelling (e.g., `I\hbox'). Otherwise just continue,
and I'll forget about whatever was undefined.

! Undefined control sequence.
l.26 ...les and denoting $ \bm{\Lambda}_{1} =\diag
                                                  \{\lambda^{(1)}_1,\ldots,\...
The control sequence at the end of the top line
of your error message was never \def'ed. If you have
misspelled it (e.g., `\hobx'), type `I' and the correct
spelling (e.g., `I\hbox'). Otherwise just continue,
and I'll forget about whatever was undefined.

! Undefined control sequence.
l.26 ...mathbb{R}^{s^{(1)}\times s^{(1)}} $, $ \bm
                                                  {\Lambda}_{2} =\diag\{\lam...
The control sequence at the end of the top line
of your error message was never \def'ed. If you have
misspelled it (e.g., `\hobx'), type `I' and the correct
spelling (e.g., `I\hbox'). Otherwise just continue,
and I'll forget about whatever was undefined.

! Undefined control sequence.
l.26 ...imes s^{(1)}} $, $ \bm{\Lambda}_{2} =\diag
                                                  \{\lambda^{(2)}_1,\ldots,\...
The control sequence at the end of the top line
of your error message was never \def'ed. If you have
misspelled it (e.g., `\hobx'), type `I' and the correct
spelling (e.g., `I\hbox'). Otherwise just continue,
and I'll forget about whatever was undefined.


! LaTeX Error: Environment  undefined.

See the LaTeX manual or LaTeX Companion for explanation.
Type  H <return>  for immediate help.
 ...                                              
                                                  
l.29  \begin{}
              
Your command was ignored.
Type  I <command> <return>  to replace it with another command,
or  <return>  to continue without it.

! Missing $ inserted.
<inserted text> 
                $
l.30 
     
I've inserted a begin-math/end-math symbol since I think
you left one out. Proceed, with fingers crossed.

! Missing \endgroup inserted.
<inserted text> 
                \endgroup 
l.30 
     
I've inserted something that you may have forgotten.
(See the <inserted text> above.)
With luck, this will get me unwedged. But if you
really didn't forget anything, try typing `2' now; then
my insertion and my current dilemma will both disappear.

! Display math should end with $$.
<to be read again> 
                   \par 
l.30 
     
The `$' that I just saw supposedly matches a previous `$$'.
So I shall assume that you typed `$$' both times.

! Missing \endcsname inserted.
<to be read again> 
                   \def 
l.31  \end{}
            
The control sequence marked <to be read again> should
not appear between \csname and \endcsname.

! Missing \endcsname inserted.
<to be read again> 
                   \def 
l.31  \end{}
            
The control sequence marked <to be read again> should
not appear between \csname and \endcsname.

! Missing \endcsname inserted.
<to be read again> 
                   \def 
l.31  \end{}
            
The control sequence marked <to be read again> should
not appear between \csname and \endcsname.

! Missing \endcsname inserted.
<to be read again> 
                   \def 
l.31  \end{}
            
The control sequence marked <to be read again> should
not appear between \csname and \endcsname.

! Missing \endcsname inserted.
<to be read again> 
                   \def 
l.31  \end{}
            
The control sequence marked <to be read again> should
not appear between \csname and \endcsname.

! Missing \endcsname inserted.
<to be read again> 
                   \def 
l.31  \end{}
            
The control sequence marked <to be read again> should
not appear between \csname and \endcsname.

! Missing \endcsname inserted.
<to be read again> 
                   \def 
l.31  \end{}
            
The control sequence marked <to be read again> should
not appear between \csname and \endcsname.

! Missing \endcsname inserted.
<to be read again> 
                   \def 
l.31  \end{}
            
The control sequence marked <to be read again> should
not appear between \csname and \endcsname.

! Missing \endcsname inserted.
<to be read again> 
                   \def 
l.31  \end{}
            
The control sequence marked <to be read again> should
not appear between \csname and \endcsname.

! Missing \endcsname inserted.
<to be read again> 
                   \def 
l.31  \end{}
            
The control sequence marked <to be read again> should
not appear between \csname and \endcsname.

! Missing \endcsname inserted.
<to be read again> 
                   \def 
l.31  \end{}
            
The control sequence marked <to be read again> should
not appear between \csname and \endcsname.

! Missing \endcsname inserted.
<to be read again> 
                   \def 
l.31  \end{}
            
The control sequence marked <to be read again> should
not appear between \csname and \endcsname.

! Missing \endcsname inserted.
<to be read again> 
                   \def 
l.31  \end{}
            
The control sequence marked <to be read again> should
not appear between \csname and \endcsname.

! Missing \endcsname inserted.
<to be read again> 
                   \def 
l.31  \end{}
            
The control sequence marked <to be read again> should
not appear between \csname and \endcsname.

! Missing \endcsname inserted.
<to be read again> 
                   \def 
l.31  \end{}
            
The control sequence marked <to be read again> should
not appear between \csname and \endcsname.

! Missing \endcsname inserted.
<to be read again> 
                   \def 
l.31  \end{}
            
The control sequence marked <to be read again> should
not appear between \csname and \endcsname.

! Missing \endcsname inserted.
<to be read again> 
                   \def 
l.31  \end{}
            
The control sequence marked <to be read again> should
not appear between \csname and \endcsname.

! Missing \endcsname inserted.
<to be read again> 
                   \def 
l.31  \end{}
            
The control sequence marked <to be read again> should
not appear between \csname and \endcsname.

! Missing \endcsname inserted.
<to be read again> 
                   \def 
l.31  \end{}
            
The control sequence marked <to be read again> should
not appear between \csname and \endcsname.

! Missing \endcsname inserted.
<to be read again> 
                   \def 
l.31  \end{}
            
The control sequence marked <to be read again> should
not appear between \csname and \endcsname.

! Missing \endcsname inserted.
<to be read again> 
                   \def 
l.31  \end{}
            
The control sequence marked <to be read again> should
not appear between \csname and \endcsname.

! Missing \endcsname inserted.
<to be read again> 
                   \def 
l.31  \end{}
            
The control sequence marked <to be read again> should
not appear between \csname and \endcsname.

! Missing \endcsname inserted.
<to be read again> 
                   \def 
l.31  \end{}
            
The control sequence marked <to be read again> should
not appear between \csname and \endcsname.

! Missing \endcsname inserted.
<to be read again> 
                   \def 
l.31  \end{}
            
The control sequence marked <to be read again> should
not appear between \csname and \endcsname.

! Missing \endcsname inserted.
<to be read again> 
                   \def 
l.31  \end{}
            
The control sequence marked <to be read again> should
not appear between \csname and \endcsname.

! Missing \endcsname inserted.
<to be read again> 
                   \def 
l.31  \end{}
            
The control sequence marked <to be read again> should
not appear between \csname and \endcsname.

! Missing \endcsname inserted.
<to be read again> 
                   \def 
l.31  \end{}
            
The control sequence marked <to be read again> should
not appear between \csname and \endcsname.

! Missing \endcsname inserted.
<to be read again> 
                   \def 
l.31  \end{}
            
The control sequence marked <to be read again> should
not appear between \csname and \endcsname.

! Missing \endcsname inserted.
<to be read again> 
                   \def 
l.31  \end{}
            
The control sequence marked <to be read again> should
not appear between \csname and \endcsname.

! Missing \endcsname inserted.
<to be read again> 
                   \def 
l.31  \end{}
            
The control sequence marked <to be read again> should
not appear between \csname and \endcsname.

! Missing \endcsname inserted.
<to be read again> 
                   \def 
l.31  \end{}
            
The control sequence marked <to be read again> should
not appear between \csname and \endcsname.

! Missing \endcsname inserted.
<to be read again> 
                   \def 
l.31  \end{}
            
The control sequence marked <to be read again> should
not appear between \csname and \endcsname.

! Missing \endcsname inserted.
<to be read again> 
                   \def 
l.31  \end{}
            
The control sequence marked <to be read again> should
not appear between \csname and \endcsname.

! Missing \endcsname inserted.
<to be read again> 
                   \def 
l.31  \end{}
            
The control sequence marked <to be read again> should
not appear between \csname and \endcsname.

! Missing \endcsname inserted.
<to be read again> 
                   \def 
l.31  \end{}
            
The control sequence marked <to be read again> should
not appear between \csname and \endcsname.

! Missing \endcsname inserted.
<to be read again> 
                   \def 
l.31  \end{}
            
The control sequence marked <to be read again> should
not appear between \csname and \endcsname.

! Missing \endcsname inserted.
<to be read again> 
                   \def 
l.31  \end{}
            
The control sequence marked <to be read again> should
not appear between \csname and \endcsname.

! Missing \endcsname inserted.
<to be read again> 
                   \def 
l.31  \end{}
            
The control sequence marked <to be read again> should
not appear between \csname and \endcsname.

! Missing \endcsname inserted.
<to be read again> 
                   \def 
l.31  \end{}
            
The control sequence marked <to be read again> should
not appear between \csname and \endcsname.

! Missing \endcsname inserted.
<to be read again> 
                   \def 
l.31  \end{}
            
The control sequence marked <to be read again> should
not appear between \csname and \endcsname.

! Missing \endcsname inserted.
<to be read again> 
                   \def 
l.31  \end{}
            
The control sequence marked <to be read again> should
not appear between \csname and \endcsname.

! Missing \endcsname inserted.
<to be read again> 
                   \def 
l.31  \end{}
            
The control sequence marked <to be read again> should
not appear between \csname and \endcsname.

! Missing \endcsname inserted.
<to be read again> 
                   \def 
l.31  \end{}
            
The control sequence marked <to be read again> should
not appear between \csname and \endcsname.

! Missing \endcsname inserted.
<to be read again> 
                   \def 
l.31  \end{}
            
The control sequence marked <to be read again> should
not appear between \csname and \endcsname.

! Missing \endcsname inserted.
<to be read again> 
                   \def 
l.31  \end{}
            
The control sequence marked <to be read again> should
not appear between \csname and \endcsname.

! Missing \endcsname inserted.
<to be read again> 
                   \def 
l.31  \end{}
            
The control sequence marked <to be read again> should
not appear between \csname and \endcsname.

! Missing \endcsname inserted.
<to be read again> 
                   \def 
l.31  \end{}
            
The control sequence marked <to be read again> should
not appear between \csname and \endcsname.

! Missing \endcsname inserted.
<to be read again> 
                   \def 
l.31  \end{}
            
The control sequence marked <to be read again> should
not appear between \csname and \endcsname.

! Missing \endcsname inserted.
<to be read again> 
                   \def 
l.31  \end{}
            
The control sequence marked <to be read again> should
not appear between \csname and \endcsname.

! Missing \endcsname inserted.
<to be read again> 
                   \def 
l.31  \end{}
            
The control sequence marked <to be read again> should
not appear between \csname and \endcsname.

! Missing \endcsname inserted.
<to be read again> 
                   \def 
l.31  \end{}
            
The control sequence marked <to be read again> should
not appear between \csname and \endcsname.

! Missing \endcsname inserted.
<to be read again> 
                   \def 
l.31  \end{}
            
The control sequence marked <to be read again> should
not appear between \csname and \endcsname.

! Missing \endcsname inserted.
<to be read again> 
                   \def 
l.31  \end{}
            
The control sequence marked <to be read again> should
not appear between \csname and \endcsname.

! Missing \endcsname inserted.
<to be read again> 
                   \def 
l.31  \end{}
            
The control sequence marked <to be read again> should
not appear between \csname and \endcsname.

! Missing \endcsname inserted.
<to be read again> 
                   \def 
l.31  \end{}
            
The control sequence marked <to be read again> should
not appear between \csname and \endcsname.

! Missing \endcsname inserted.
<to be read again> 
                   \def 
l.31  \end{}
            
The control sequence marked <to be read again> should
not appear between \csname and \endcsname.

! Missing \endcsname inserted.
<to be read again> 
                   \def 
l.31  \end{}
            
The control sequence marked <to be read again> should
not appear between \csname and \endcsname.

! Missing \endcsname inserted.
<to be read again> 
                   \def 
l.31  \end{}
            
The control sequence marked <to be read again> should
not appear between \csname and \endcsname.

! Missing \endcsname inserted.
<to be read again> 
                   \def 
l.31  \end{}
            
The control sequence marked <to be read again> should
not appear between \csname and \endcsname.

! Missing \endcsname inserted.
<to be read again> 
                   \def 
l.31  \end{}
            
The control sequence marked <to be read again> should
not appear between \csname and \endcsname.

! Missing \endcsname inserted.
<to be read again> 
                   \def 
l.31  \end{}
            
The control sequence marked <to be read again> should
not appear between \csname and \endcsname.

! Missing \endcsname inserted.
<to be read again> 
                   \def 
l.31  \end{}
            
The control sequence marked <to be read again> should
not appear between \csname and \endcsname.

! Missing \endcsname inserted.
<to be read again> 
                   \def 
l.31  \end{}
            
The control sequence marked <to be read again> should
not appear between \csname and \endcsname.

! Missing \endcsname inserted.
<to be read again> 
                   \def 
l.31  \end{}
            
The control sequence marked <to be read again> should
not appear between \csname and \endcsname.

! Missing \endcsname inserted.
<to be read again> 
                   \def 
l.31  \end{}
            
The control sequence marked <to be read again> should
not appear between \csname and \endcsname.

! Missing \endcsname inserted.
<to be read again> 
                   \def 
l.31  \end{}
            
The control sequence marked <to be read again> should
not appear between \csname and \endcsname.

! Missing \endcsname inserted.
<to be read again> 
                   \def 
l.31  \end{}
            
The control sequence marked <to be read again> should
not appear between \csname and \endcsname.

! Missing \endcsname inserted.
<to be read again> 
                   \def 
l.31  \end{}
            
The control sequence marked <to be read again> should
not appear between \csname and \endcsname.

! Missing \endcsname inserted.
<to be read again> 
                   \def 
l.31  \end{}
            
The control sequence marked <to be read again> should
not appear between \csname and \endcsname.

! Missing \endcsname inserted.
<to be read again> 
                   \def 
l.31  \end{}
            
The control sequence marked <to be read again> should
not appear between \csname and \endcsname.

! Missing \endcsname inserted.
<to be read again> 
                   \def 
l.31  \end{}
            
The control sequence marked <to be read again> should
not appear between \csname and \endcsname.

! Missing \endcsname inserted.
<to be read again> 
                   \def 
l.31  \end{}
            
The control sequence marked <to be read again> should
not appear between \csname and \endcsname.

! Missing \endcsname inserted.
<to be read again> 
                   \def 
l.31  \end{}
            
The control sequence marked <to be read again> should
not appear between \csname and \endcsname.

! Missing \endcsname inserted.
<to be read again> 
                   \def 
l.31  \end{}
            
The control sequence marked <to be read again> should
not appear between \csname and \endcsname.

! Missing \endcsname inserted.
<to be read again> 
                   \def 
l.31  \end{}
            
The control sequence marked <to be read again> should
not appear between \csname and \endcsname.

! Missing \endcsname inserted.
<to be read again> 
                   \def 
l.31  \end{}
            
The control sequence marked <to be read again> should
not appear between \csname and \endcsname.

! Missing \endcsname inserted.
<to be read again> 
                   \def 
l.31  \end{}
            
The control sequence marked <to be read again> should
not appear between \csname and \endcsname.

! Missing \endcsname inserted.
<to be read again> 
                   \def 
l.31  \end{}
            
The control sequence marked <to be read again> should
not appear between \csname and \endcsname.

! Missing \endcsname inserted.
<to be read again> 
                   \def 
l.31  \end{}
            
The control sequence marked <to be read again> should
not appear between \csname and \endcsname.

! Missing \endcsname inserted.
<to be read again> 
                   \def 
l.31  \end{}
            
The control sequence marked <to be read again> should
not appear between \csname and \endcsname.

! Missing \endcsname inserted.
<to be read again> 
                   \def 
l.31  \end{}
            
The control sequence marked <to be read again> should
not appear between \csname and \endcsname.

! Missing \endcsname inserted.
<to be read again> 
                   \def 
l.31  \end{}
            
The control sequence marked <to be read again> should
not appear between \csname and \endcsname.

! Missing \endcsname inserted.
<to be read again> 
                   \def 
l.31  \end{}
            
The control sequence marked <to be read again> should
not appear between \csname and \endcsname.

! Missing \endcsname inserted.
<to be read again> 
                   \def 
l.31  \end{}
            
The control sequence marked <to be read again> should
not appear between \csname and \endcsname.

! Missing \endcsname inserted.
<to be read again> 
                   \def 
l.31  \end{}
            
The control sequence marked <to be read again> should
not appear between \csname and \endcsname.

! Missing \endcsname inserted.
<to be read again> 
                   \def 
l.31  \end{}
            
The control sequence marked <to be read again> should
not appear between \csname and \endcsname.

! Missing \endcsname inserted.
<to be read again> 
                   \def 
l.31  \end{}
            
The control sequence marked <to be read again> should
not appear between \csname and \endcsname.

! Missing \endcsname inserted.
<to be read again> 
                   \def 
l.31  \end{}
            
The control sequence marked <to be read again> should
not appear between \csname and \endcsname.

! Missing \endcsname inserted.
<to be read again> 
                   \def 
l.31  \end{}
            
The control sequence marked <to be read again> should
not appear between \csname and \endcsname.

! Missing \endcsname inserted.
<to be read again> 
                   \def 
l.31  \end{}
            
The control sequence marked <to be read again> should
not appear between \csname and \endcsname.

! Missing \endcsname inserted.
<to be read again> 
                   \def 
l.31  \end{}
            
The control sequence marked <to be read again> should
not appear between \csname and \endcsname.

! Missing \endcsname inserted.
<to be read again> 
                   \def 
l.31  \end{}
            
The control sequence marked <to be read again> should
not appear between \csname and \endcsname.

! Missing \endcsname inserted.
<to be read again> 
                   \def 
l.31  \end{}
            
The control sequence marked <to be read again> should
not appear between \csname and \endcsname.

! Missing \endcsname inserted.
<to be read again> 
                   \def 
l.31  \end{}
            
The control sequence marked <to be read again> should
not appear between \csname and \endcsname.

! Missing \endcsname inserted.
<to be read again> 
                   \def 
l.31  \end{}
            
The control sequence marked <to be read again> should
not appear between \csname and \endcsname.

! Missing \endcsname inserted.
<to be read again> 
                   \def 
l.31  \end{}
            
The control sequence marked <to be read again> should
not appear between \csname and \endcsname.

! Missing \endcsname inserted.
<to be read again> 
                   \def 
l.31  \end{}
            
The control sequence marked <to be read again> should
not appear between \csname and \endcsname.

! Missing \endcsname inserted.
<to be read again> 
                   \def 
l.31  \end{}
            
The control sequence marked <to be read again> should
not appear between \csname and \endcsname.

! Missing \endcsname inserted.
<to be read again> 
                   \def 
l.31  \end{}
            
The control sequence marked <to be read again> should
not appear between \csname and \endcsname.

! Missing \endcsname inserted.
<to be read again> 
                   \def 
l.31  \end{}
            
(That makes 100 errors; please try again.) 
Here is how much of TeX's memory you used:
 3395 strings out of 492982
 46839 string characters out of 6134896
 110087 words of memory out of 5000000
 6925 multiletter control sequences out of 15000+600000
 5657 words of font info for 25 fonts, out of 8000000 for 9000
 1141 hyphenation exceptions out of 8191
 103i,11n,102p,413b,161s stack positions out of 5000i,500n,10000p,200000b,80000s

!  ==> Fatal error occurred, no output PDF file produced!

-----END LOG-----